<?xml version="1.0" encoding="UTF-8"?>
<!-- Generated by org.testng.reporters.JUnitReportReporter -->
<testsuite skipped="0" hostname="Francis" name="com.olam.Runner.RunnerClass" tests="1" failures="0" timestamp="06 Feb 2020 10:56:05 GMT" time="159.172" errors="0">
  <testcase name="feature" time="159.172" classname="com.olam.Runner.RunnerClass"/>
</testsuite> <!-- com.olam.Runner.RunnerClass -->
